0 info it worked if it ends with ok
1 verbose cli [ 'C:\\Program Files\\nodejs\\node.exe',
1 verbose cli   'C:\\Program Files\\nodejs\\node_modules\\npm\\bin\\npm-cli.js',
1 verbose cli   'restart' ]
2 info using npm@3.10.10
3 info using node@v6.11.3
4 verbose run-script [ 'prerestart',
4 verbose run-script   'prestop',
4 verbose run-script   'stop',
4 verbose run-script   'poststop',
4 verbose run-script   'restart',
4 verbose run-script   'prestart',
4 verbose run-script   'start',
4 verbose run-script   'poststart',
4 verbose run-script   'postrestart' ]
5 info lifecycle confusion@1.0.0~prerestart: confusion@1.0.0
6 silly lifecycle confusion@1.0.0~prerestart: no script for prerestart, continuing
7 info lifecycle confusion@1.0.0~prestop: confusion@1.0.0
8 silly lifecycle confusion@1.0.0~prestop: no script for prestop, continuing
9 info lifecycle confusion@1.0.0~stop: confusion@1.0.0
10 silly lifecycle confusion@1.0.0~stop: no script for stop, continuing
11 info lifecycle confusion@1.0.0~poststop: confusion@1.0.0
12 silly lifecycle confusion@1.0.0~poststop: no script for poststop, continuing
13 info lifecycle confusion@1.0.0~restart: confusion@1.0.0
14 silly lifecycle confusion@1.0.0~restart: no script for restart, continuing
15 info lifecycle confusion@1.0.0~prestart: confusion@1.0.0
16 silly lifecycle confusion@1.0.0~prestart: no script for prestart, continuing
17 info lifecycle confusion@1.0.0~start: confusion@1.0.0
18 verbose lifecycle confusion@1.0.0~start: unsafe-perm in lifecycle true
19 verbose lifecycle confusion@1.0.0~start: PATH: C:\Program Files\nodejs\node_modules\npm\bin\node-gyp-bin;D:\FullStack_Coursera\Course2_Front-End_Web_UI_Frameworks_and\week1\Bootstrap4-starter\Bootstrap4\conFusion\node_modules\.bin;C:\oraclexe\app\oracle\product\10.2.0\server\bin;C:\Program Files\Broadcom\Broadcom 802.11 Network Adapter\Driver;C:\ProgramData\Oracle\Java\javapath;C:\Program Files (x86)\Intel\iCLS Client\;C:\Program Files\Intel\iCLS Client\;C:\Windows\system32;C:\Windows;C:\Windows\System32\Wbem;C:\Windows\System32\WindowsPowerShell\v1.0\;C:\program files (x86)\skype\Phone\;C:\Program Files (x86)\NVIDIA Corporation\PhysX\Common;C:\Program Files\MATLAB\R2017a\bin;C:\Program Files (x86)\Git\cmd;C:\Program Files (x86)\Git\mingw32\bin;C:\Program Files (x86)\Git\usr\bin;C:\Program Files (x86)\Brackets\command;C:\Program Files\nodejs\;C:\Program Files (x86)\OpenVPN\bin;C:\Users\IrfAn\AppData\Local\Programs\Python\Python36-32\Scripts\;C:\Users\IrfAn\AppData\Local\Programs\Python\Python36-32\;C:\Program Files\Microsoft VS Code\bin;C:\Users\IrfAn\AppData\Roaming\npm;C:\Users\IrfAn\AppData\Local\GitHubDesktop\bin
20 verbose lifecycle confusion@1.0.0~start: CWD: D:\FullStack_Coursera\Course2_Front-End_Web_UI_Frameworks_and\week1\Bootstrap4-starter\Bootstrap4\conFusion
21 silly lifecycle confusion@1.0.0~start: Args: [ '/d /s /c', 'npm run watch:all' ]
22 silly lifecycle confusion@1.0.0~start: Returned: code: 3221225786  signal: null
23 info lifecycle confusion@1.0.0~start: Failed to exec start script
24 verbose stack Error: confusion@1.0.0 start: `npm run watch:all`
24 verbose stack Exit status 3221225786
24 verbose stack     at EventEmitter.<anonymous> (C:\Program Files\nodejs\node_modules\npm\lib\utils\lifecycle.js:255:16)
24 verbose stack     at emitTwo (events.js:106:13)
24 verbose stack     at EventEmitter.emit (events.js:191:7)
24 verbose stack     at ChildProcess.<anonymous> (C:\Program Files\nodejs\node_modules\npm\lib\utils\spawn.js:40:14)
24 verbose stack     at emitTwo (events.js:106:13)
24 verbose stack     at ChildProcess.emit (events.js:191:7)
24 verbose stack     at maybeClose (internal/child_process.js:920:16)
24 verbose stack     at Process.ChildProcess._handle.onexit (internal/child_process.js:230:5)
25 verbose pkgid confusion@1.0.0
26 verbose cwd D:\FullStack_Coursera\Course2_Front-End_Web_UI_Frameworks_and\week1\Bootstrap4-starter\Bootstrap4\conFusion
27 error Windows_NT 6.1.7601
28 error argv "C:\\Program Files\\nodejs\\node.exe" "C:\\Program Files\\nodejs\\node_modules\\npm\\bin\\npm-cli.js" "restart"
29 error node v6.11.3
30 error npm  v3.10.10
31 error code ELIFECYCLE
32 error confusion@1.0.0 start: `npm run watch:all`
32 error Exit status 3221225786
33 error Failed at the confusion@1.0.0 start script 'npm run watch:all'.
33 error Make sure you have the latest version of node.js and npm installed.
33 error If you do, this is most likely a problem with the confusion package,
33 error not with npm itself.
33 error Tell the author that this fails on your system:
33 error     npm run watch:all
33 error You can get information on how to open an issue for this project with:
33 error     npm bugs confusion
33 error Or if that isn't available, you can get their info via:
33 error     npm owner ls confusion
33 error There is likely additional logging output above.
34 verbose exit [ 1, true ]
